2016-06-15 18:14:53,100 - access - INFO - hello,test
2016-06-15 18:21:26,645 - access - CRITICAL - xxx已被冻结
2016-06-15 18:22:57,411 - access - CRITICAL - cc已被冻结
2016-06-15 18:23:39,042 - access - CRITICAL - 冻结用户cc尝试登录
2016-06-15 18:25:59,642 - access - WARNING - 冻结用户alex2尝试登录
2016-06-15 18:27:08,306 - access - WARNING - 冻结用户alex2尝试登录
2016-06-15 18:28:48,274 - access - INFO - 用户cc登录成功
2016-06-15 18:41:01,481 - access - INFO - admin添加wyw帐号信息,额度:100000
2016-06-15 20:51:14,451 - access - INFO - 用户cc登录成功
2016-06-12 09:50:37,753 - access - INFO - 用户cc登录成功
2016-06-12 10:16:03,983 - access - INFO - 用户cc登录成功
2016-06-12 10:38:48,083 - access - INFO - 用户cc登录成功
2016-06-12 10:41:13,429 - access - INFO - 用户cc登录成功
2016-06-12 10:44:19,341 - access - INFO - 用户wyw登录成功
2016-06-12 12:32:43,394 - access - INFO - 用户cc登录成功
2016-06-12 13:04:17,914 - access - INFO - 用户cc登录成功
2016-06-12 13:04:47,828 - access - INFO - 用户cc登录成功
2016-06-12 13:05:33,323 - access - INFO - 用户cc登录成功
2016-06-12 16:28:27,526 - access - INFO - 用户cc登录成功
2016-06-12 16:30:19,395 - access - INFO - 用户cc登录成功
2016-06-13 09:43:07,908 - access - INFO - 用户cc登录成功
2016-06-15 13:08:25,511 - access - INFO - 用户cc登录成功
2016-06-15 13:09:19,052 - access - INFO - 用户cc登录成功
2016-06-15 13:39:12,862 - access - INFO - 用户cc登录成功
